-------------------------------------------------------------------------------
Test set: com.rns.testes.java.JavaApplicationTests
-------------------------------------------------------------------------------
Tests run: 1, Failures: 0, Errors: 1, Skipped: 0, Time elapsed: 3.261 s <<< FAILURE! - in com.rns.testes.java.JavaApplicationTests
contextLoads  Time elapsed: 0.001 s  <<< ERROR!
java.lang.IllegalStateException: Failed to load ApplicationContext
Caused by: org.springframework.beans.factory.BeanCreationException: Error creating bean with name 'entityManagerFactory' defined in class path resource [org/springframework/boot/autoconfigure/orm/jpa/HibernateJpaConfiguration.class]: Invocation of init method failed; nested exception is org.hibernate.AnnotationException: mappedBy reference an unknown target entity property: com.rns.testes.java.model.Estoque.id.filial in com.rns.testes.java.model.Filial.produtosNoEstoque
Caused by: org.hibernate.AnnotationException: mappedBy reference an unknown target entity property: com.rns.testes.java.model.Estoque.id.filial in com.rns.testes.java.model.Filial.produtosNoEstoque

